Device already connected
Ready to play!
SM Demo: Front playlist:
	/home/a.occelli/sm_demo/media/neck/05_minuano.wav
	/home/a.occelli/sm_demo/media/neck/07_somayitsecretlybegin.wav
	/home/a.occelli/sm_demo/media/neck/01_last_train_home.wav
	/home/a.occelli/sm_demo/media/neck/06_pavane.wav
	/home/a.occelli/sm_demo/media/neck/04_marechia.wav
	/home/a.occelli/sm_demo/media/neck/03_igy.wav
	/home/a.occelli/sm_demo/media/neck/02_ceora.wav
Neck playlist: 
	/home/a.occelli/sm_demo/media/neck/05_minuano.wav
	/home/a.occelli/sm_demo/media/neck/07_somayitsecretlybegin.wav
	/home/a.occelli/sm_demo/media/neck/01_last_train_home.wav
	/home/a.occelli/sm_demo/media/neck/06_pavane.wav
	/home/a.occelli/sm_demo/media/neck/04_marechia.wav
	/home/a.occelli/sm_demo/media/neck/03_igy.wav
	/home/a.occelli/sm_demo/media/neck/02_ceora.wav
Neckband not found. please wait...
SM Demo: setting neckband to max
/org/bluez/hci0/dev_78_5E_A2_F9_A5_9A
SM Demo: neckband volume set to max
bluez_sink.78_5E_A2_F9_A5_9A.a2dp_sink: Loading player
bluez_sink.78_5E_A2_F9_A5_9A.a2dp_sink: playing /home/a.occelli/sm_demo/media/neck/05_minuano.wav
alsa_output.platform-bcm2835_audio.analog-stereo: Loading player
alsa_output.platform-bcm2835_audio.analog-stereo: playing /home/a.occelli/sm_demo/media/neck/05_minuano.wav
SM Demo: sensor status=False
2023-09-26 12:21:31.538317	['alsa_output.platform-bcm2835_audio.analog-stereo', 'bluez_sink.78_5E_A2_F9_A5_9A.a2dp_sink']
2023-09-26 12:21:32.620514	['alsa_output.platform-bcm2835_audio.analog-stereo', 'bluez_sink.78_5E_A2_F9_A5_9A.a2dp_sink']
2023-09-26 12:21:33.716993	['alsa_output.platform-bcm2835_audio.analog-stereo', 'bluez_sink.78_5E_A2_F9_A5_9A.a2dp_sink']
2023-09-26 12:21:34.822299	['alsa_output.platform-bcm2835_audio.analog-stereo', 'bluez_sink.78_5E_A2_F9_A5_9A.a2dp_sink']
alsa_output.platform-bcm2835_audio.analog-stereo: playing /home/a.occelli/sm_demo/media/neck/05_minuano.wav
bluez_sink.78_5E_A2_F9_A5_9A.a2dp_sink: playing /home/a.occelli/sm_demo/media/neck/05_minuano.wav
